e:\clr中腾\电工电路试验台\电工电路试验台\release\vc140.pdb
e:\clr中腾\电工电路试验台\电工电路试验台\release\waver.obj
e:\clr中腾\电工电路试验台\电工电路试验台\release\tool.obj
e:\clr中腾\电工电路试验台\电工电路试验台\release\seriesport.obj
e:\clr中腾\电工电路试验台\电工电路试验台\release\resource.obj
e:\clr中腾\电工电路试验台\电工电路试验台\release\oscillograph.obj
e:\clr中腾\电工电路试验台\电工电路试验台\release\mdiformcontrol.obj
e:\clr中腾\电工电路试验台\电工电路试验台\release\main.obj
e:\clr中腾\电工电路试验台\电工电路试验台\release\json_writer.obj
e:\clr中腾\电工电路试验台\电工电路试验台\release\json_value.obj
e:\clr中腾\电工电路试验台\电工电路试验台\release\json_reader.obj
e:\clr中腾\电工电路试验台\电工电路试验台\release\exception.obj
e:\clr中腾\电工电路试验台\电工电路试验台\release\rlc元件阻抗特性的测定.obj
e:\clr中腾\电工电路试验台\电工电路试验台\release\rlc串联谐振电路的研究.obj
e:\clr中腾\电工电路试验台\电工电路试验台\release\rc网络的频率特性.obj
e:\clr中腾\电工电路试验台\电工电路试验台\release\monitortrial.obj
e:\clr中腾\电工电路试验台\电工电路试验台\release\mdi子窗体注册.obj
e:\clr中腾\电工电路试验台\电工电路试验台\release\long_connect_e.obj
e:\clr中腾\电工电路试验台\电工电路试验台\release\data_transf.obj
e:\clr中腾\电工电路试验台\电工电路试验台\release\capture.obj
e:\clr中腾\电工电路试验台\电工电路试验台\release\回转器.obj
e:\clr中腾\电工电路试验台\电工电路试验台\release\叠加原理.obj
e:\clr中腾\电工电路试验台\电工电路试验台\release\单相铁心变压器特性的测试.obj
e:\clr中腾\电工电路试验台\电工电路试验台\release\单相电度表实验.obj
e:\clr中腾\电工电路试验台\电工电路试验台\release\功率因数及相序的测量.obj
e:\clr中腾\电工电路试验台\电工电路试验台\release\元件伏安特性的测试.obj
e:\clr中腾\电工电路试验台\电工电路试验台\release\仪表量程的扩展.obj
e:\clr中腾\电工电路试验台\电工电路试验台\release\互感器.obj
e:\clr中腾\电工电路试验台\电工电路试验台\release\二阶动态电路响应的研究.obj
e:\clr中腾\电工电路试验台\电工电路试验台\release\二端口网络的研究.obj
e:\clr中腾\电工电路试验台\电工电路试验台\release\主窗体.obj
e:\clr中腾\电工电路试验台\电工电路试验台\release\三相电路功率的测量.obj
e:\clr中腾\电工电路试验台\电工电路试验台\release\三相交流电路电压电流的测量.obj
e:\clr中腾\电工电路试验台\电工电路试验台\release\一阶电路的响应测试.obj
e:\clr中腾\电工电路试验台\电工电路试验台\release\vcvs实验.obj
e:\clr中腾\电工电路试验台\电工电路试验台\release\xml.obj
e:\clr中腾\电工电路试验台\电工电路试验台\release\tinyxmlparser.obj
e:\clr中腾\电工电路试验台\电工电路试验台\release\tinyxmlerror.obj
e:\clr中腾\电工电路试验台\电工电路试验台\release\tinyxml.obj
e:\clr中腾\电工电路试验台\电工电路试验台\release\tinystr.obj
e:\clr中腾\电工电路试验台\电工电路试验台\release\负阻抗变换器.obj
e:\clr中腾\电工电路试验台\电工电路试验台\release\电路状态轨迹的观测.obj
e:\clr中腾\电工电路试验台\电工电路试验台\release\电压源与电流源的等效变换.obj
e:\clr中腾\电工电路试验台\电工电路试验台\release\最大功率传输条件的测定.obj
e:\clr中腾\电工电路试验台\电工电路试验台\release\日光灯功率因数的提高.obj
e:\clr中腾\电工电路试验台\电工电路试验台\release\戴维南定理.obj
e:\clr中腾\电工电路试验台\电工电路试验台\release\基本电工仪表的使用与测量误差的计算.obj
e:\clr中腾\电工电路试验台\电工电路试验台\release\基尔霍夫定律.obj
e:\clr中腾\电工电路试验台\电工电路试验台\release\_mutex.obj
e:\clr中腾\电工电路试验台\电工电路试验台\release\long_connection_control.obj
e:\clr中腾\电工电路试验台\电工电路试验台\release\.netframework,version=v4.5.2.assemblyattributes.obj
e:\clr中腾\电工电路试验台\电工电路试验台\release\.netframework,version=v4.5.2.assemblyattributes.asm
e:\实验版面\电工分册2\电工电路试验台\电工电路试验台\release\vc140.pdb
e:\实验版面\电工分册2\电工电路试验台\电工电路试验台\release\seriesport.obj
e:\实验版面\电工分册2\电工电路试验台\电工电路试验台\release\main.obj
e:\实验版面\电工分册2\电工电路试验台\电工电路试验台\release\json_writer.obj
e:\实验版面\电工分册2\电工电路试验台\电工电路试验台\release\json_value.obj
e:\实验版面\电工分册2\电工电路试验台\电工电路试验台\release\json_reader.obj
e:\实验版面\电工分册2\电工电路试验台\电工电路试验台\release\capture.obj
e:\实验版面\电工分册2\电工电路试验台\电工电路试验台\release\xml.obj
e:\实验版面\电工分册2\电工电路试验台\电工电路试验台\release\tinyxmlparser.obj
e:\实验版面\电工分册2\电工电路试验台\电工电路试验台\release\tinyxmlerror.obj
e:\实验版面\电工分册2\电工电路试验台\电工电路试验台\release\tinyxml.obj
e:\实验版面\电工分册2\电工电路试验台\电工电路试验台\release\tinystr.obj
e:\clr中腾\电工电路试验台\release\电工电路试验台.exe
e:\clr中腾\电工电路试验台\release\电工电路试验台.pdb
e:\clr中腾\电工电路试验台\电工电路试验台\release\电工电路试验台.tlog\metagen.write.1.tlog
e:\clr中腾\电工电路试验台\release\microsoft.speech.dll
e:\clr中腾\电工电路试验台\release\microsoft.speech.voicexml.dll
e:\clr中腾\电工电路试验台\release\microsoft.vsa.dll
e:\clr中腾\电工电路试验台\release\microsoft.speech.voicexml.xml
e:\clr中腾\电工电路试验台\电工电路试验台\release\电工电路试验台.loginwnd.resources
e:\clr中腾\电工电路试验台\电工电路试验台\release\电工电路试验台.rc网络的频率特性实验内容.resources
e:\clr中腾\电工电路试验台\电工电路试验台\release\电工电路试验台.rc网络的频率特性实验原理.resources
e:\clr中腾\电工电路试验台\电工电路试验台\release\电工电路试验台.rc网络的频率特性实验器件.resources
e:\clr中腾\电工电路试验台\电工电路试验台\release\电工电路试验台.rc网络的频率特性实验目的.resources
e:\clr中腾\电工电路试验台\电工电路试验台\release\电工电路试验台.rlc串联谐振电路的研究实验内容.resources
e:\clr中腾\电工电路试验台\电工电路试验台\release\电工电路试验台.rlc串联谐振电路的研究实验原理.resources
e:\clr中腾\电工电路试验台\电工电路试验台\release\电工电路试验台.rlc串联谐振电路的研究实验器件.resources
e:\clr中腾\电工电路试验台\电工电路试验台\release\电工电路试验台.rlc串联谐振电路的研究实验目的.resources
e:\clr中腾\电工电路试验台\电工电路试验台\release\电工电路试验台.rlc元件阻抗特性的测定实验内容.resources
e:\clr中腾\电工电路试验台\电工电路试验台\release\电工电路试验台.rlc元件阻抗特性的测定实验原理.resources
e:\clr中腾\电工电路试验台\电工电路试验台\release\电工电路试验台.rlc元件阻抗特性的测定实验器件.resources
e:\clr中腾\电工电路试验台\电工电路试验台\release\电工电路试验台.rlc元件阻抗特性的测定实验目的.resources
e:\clr中腾\电工电路试验台\电工电路试验台\release\电工电路试验台.vcvs实验实验内容.resources
e:\clr中腾\电工电路试验台\电工电路试验台\release\电工电路试验台.vcvs实验实验原理.resources
e:\clr中腾\电工电路试验台\电工电路试验台\release\电工电路试验台.vcvs实验实验器件.resources
e:\clr中腾\电工电路试验台\电工电路试验台\release\电工电路试验台.vcvs实验实验目的.resources
e:\clr中腾\电工电路试验台\电工电路试验台\release\电工电路试验台.一阶电路的响应测试实验内容.resources
e:\clr中腾\电工电路试验台\电工电路试验台\release\电工电路试验台.一阶电路的响应测试实验原理.resources
e:\clr中腾\电工电路试验台\电工电路试验台\release\电工电路试验台.一阶电路的响应测试实验器件.resources
e:\clr中腾\电工电路试验台\电工电路试验台\release\电工电路试验台.一阶电路的响应测试实验目的.resources
e:\clr中腾\电工电路试验台\电工电路试验台\release\电工电路试验台.三相交流电路电压电流的测量实验内容.resources
e:\clr中腾\电工电路试验台\电工电路试验台\release\电工电路试验台.三相交流电路电压电流的测量实验原理.resources
e:\clr中腾\电工电路试验台\电工电路试验台\release\电工电路试验台.三相交流电路电压电流的测量实验器件.resources
e:\clr中腾\电工电路试验台\电工电路试验台\release\电工电路试验台.三相交流电路电压电流的测量实验目的.resources
e:\clr中腾\电工电路试验台\电工电路试验台\release\电工电路试验台.三相电路功率的测量实验内容.resources
e:\clr中腾\电工电路试验台\电工电路试验台\release\电工电路试验台.三相电路功率的测量实验原理.resources
e:\clr中腾\电工电路试验台\电工电路试验台\release\电工电路试验台.三相电路功率的测量实验器件.resources
e:\clr中腾\电工电路试验台\电工电路试验台\release\电工电路试验台.三相电路功率的测量实验目的.resources
e:\clr中腾\电工电路试验台\电工电路试验台\release\电工电路试验台.主窗体.resources
e:\clr中腾\电工电路试验台\电工电路试验台\release\电工电路试验台.二端口网络的研究实验内容.resources
e:\clr中腾\电工电路试验台\电工电路试验台\release\电工电路试验台.二端口网络的研究实验原理.resources
e:\clr中腾\电工电路试验台\电工电路试验台\release\电工电路试验台.二端口网络的研究实验器件.resources
e:\clr中腾\电工电路试验台\电工电路试验台\release\电工电路试验台.二端口网络的研究实验目的.resources
e:\clr中腾\电工电路试验台\电工电路试验台\release\电工电路试验台.二阶动态电路响应的研究实验内容.resources
e:\clr中腾\电工电路试验台\电工电路试验台\release\电工电路试验台.二阶动态电路响应的研究实验原理.resources
e:\clr中腾\电工电路试验台\电工电路试验台\release\电工电路试验台.二阶动态电路响应的研究实验器件.resources
e:\clr中腾\电工电路试验台\电工电路试验台\release\电工电路试验台.二阶动态电路响应的研究实验目的.resources
e:\clr中腾\电工电路试验台\电工电路试验台\release\电工电路试验台.互感器实验内容.resources
e:\clr中腾\电工电路试验台\电工电路试验台\release\电工电路试验台.互感器实验原理.resources
e:\clr中腾\电工电路试验台\电工电路试验台\release\电工电路试验台.互感器实验器件.resources
e:\clr中腾\电工电路试验台\电工电路试验台\release\电工电路试验台.互感器实验目的.resources
e:\clr中腾\电工电路试验台\电工电路试验台\release\电工电路试验台.仪表量程的扩展实验内容.resources
e:\clr中腾\电工电路试验台\电工电路试验台\release\电工电路试验台.仪表量程的扩展实验原理.resources
e:\clr中腾\电工电路试验台\电工电路试验台\release\电工电路试验台.仪表量程的扩展实验器件.resources
e:\clr中腾\电工电路试验台\电工电路试验台\release\电工电路试验台.仪表量程的扩展实验目的.resources
e:\clr中腾\电工电路试验台\电工电路试验台\release\电工电路试验台.元件伏安特性的测试实验内容.resources
e:\clr中腾\电工电路试验台\电工电路试验台\release\电工电路试验台.元件伏安特性的测试实验原理.resources
e:\clr中腾\电工电路试验台\电工电路试验台\release\电工电路试验台.元件伏安特性的测试实验器件.resources
e:\clr中腾\电工电路试验台\电工电路试验台\release\电工电路试验台.元件伏安特性的测试实验报告.resources
e:\clr中腾\电工电路试验台\电工电路试验台\release\电工电路试验台.元件伏安特性的测试实验目的.resources
e:\clr中腾\电工电路试验台\电工电路试验台\release\电工电路试验台.功率因数及相序的测量实验内容.resources
e:\clr中腾\电工电路试验台\电工电路试验台\release\电工电路试验台.功率因数及相序的测量实验原理.resources
e:\clr中腾\电工电路试验台\电工电路试验台\release\电工电路试验台.功率因数及相序的测量实验器件.resources
e:\clr中腾\电工电路试验台\电工电路试验台\release\电工电路试验台.功率因数及相序的测量实验目的.resources
e:\clr中腾\电工电路试验台\电工电路试验台\release\电工电路试验台.单相电度表实验实验内容.resources
e:\clr中腾\电工电路试验台\电工电路试验台\release\电工电路试验台.单相电度表实验实验原理.resources
e:\clr中腾\电工电路试验台\电工电路试验台\release\电工电路试验台.单相电度表实验实验器件.resources
e:\clr中腾\电工电路试验台\电工电路试验台\release\电工电路试验台.单相电度表实验实验目的.resources
e:\clr中腾\电工电路试验台\电工电路试验台\release\电工电路试验台.单相铁心变压器特性的测试实验内容.resources
e:\clr中腾\电工电路试验台\电工电路试验台\release\电工电路试验台.单相铁心变压器特性的测试实验原理.resources
e:\clr中腾\电工电路试验台\电工电路试验台\release\电工电路试验台.单相铁心变压器特性的测试实验器件.resources
e:\clr中腾\电工电路试验台\电工电路试验台\release\电工电路试验台.单相铁心变压器特性的测试实验目的.resources
e:\clr中腾\电工电路试验台\电工电路试验台\release\电工电路试验台.叠加原理实验内容.resources
e:\clr中腾\电工电路试验台\电工电路试验台\release\电工电路试验台.叠加原理实验原理.resources
e:\clr中腾\电工电路试验台\电工电路试验台\release\电工电路试验台.叠加原理实验器件.resources
e:\clr中腾\电工电路试验台\电工电路试验台\release\电工电路试验台.叠加原理实验目的.resources
e:\clr中腾\电工电路试验台\电工电路试验台\release\电工电路试验台.回转器实验内容.resources
e:\clr中腾\电工电路试验台\电工电路试验台\release\电工电路试验台.回转器实验原理.resources
e:\clr中腾\电工电路试验台\电工电路试验台\release\电工电路试验台.回转器实验器件.resources
e:\clr中腾\电工电路试验台\电工电路试验台\release\电工电路试验台.回转器实验目的.resources
e:\clr中腾\电工电路试验台\电工电路试验台\release\电工电路试验台.基尔霍夫定律实验内容.resources
e:\clr中腾\电工电路试验台\电工电路试验台\release\电工电路试验台.基尔霍夫定律实验原理.resources
e:\clr中腾\电工电路试验台\电工电路试验台\release\电工电路试验台.基尔霍夫定律实验目的.resources
e:\clr中腾\电工电路试验台\电工电路试验台\release\电工电路试验台.基尔霍夫定律实验设备.resources
e:\clr中腾\电工电路试验台\电工电路试验台\release\电工电路试验台.基本电工仪表的使用与测量误差的计算实验内容.resources
e:\clr中腾\电工电路试验台\电工电路试验台\release\电工电路试验台.基本电工仪表的使用与测量误差的计算实验原理.resources
e:\clr中腾\电工电路试验台\电工电路试验台\release\电工电路试验台.基本电工仪表的使用与测量误差的计算实验器件.resources
e:\clr中腾\电工电路试验台\电工电路试验台\release\电工电路试验台.基本电工仪表的使用与测量误差的计算实验目的.resources
e:\clr中腾\电工电路试验台\电工电路试验台\release\电工电路试验台.戴维南定理实验内容.resources
e:\clr中腾\电工电路试验台\电工电路试验台\release\电工电路试验台.戴维南定理实验原理.resources
e:\clr中腾\电工电路试验台\电工电路试验台\release\电工电路试验台.戴维南定理实验器件.resources
e:\clr中腾\电工电路试验台\电工电路试验台\release\电工电路试验台.戴维南定理实验目的.resources
e:\clr中腾\电工电路试验台\电工电路试验台\release\电工电路试验台.日光灯功率因数的提高实验内容.resources
e:\clr中腾\电工电路试验台\电工电路试验台\release\电工电路试验台.日光灯功率因数的提高实验原理.resources
e:\clr中腾\电工电路试验台\电工电路试验台\release\电工电路试验台.日光灯功率因数的提高实验器件.resources
e:\clr中腾\电工电路试验台\电工电路试验台\release\电工电路试验台.日光灯功率因数的提高实验目的.resources
e:\clr中腾\电工电路试验台\电工电路试验台\release\电工电路试验台.最大功率传输条件的测定实验内容.resources
e:\clr中腾\电工电路试验台\电工电路试验台\release\电工电路试验台.最大功率传输条件的测定实验原理.resources
e:\clr中腾\电工电路试验台\电工电路试验台\release\电工电路试验台.最大功率传输条件的测定实验器件.resources
e:\clr中腾\电工电路试验台\电工电路试验台\release\电工电路试验台.最大功率传输条件的测定实验目的.resources
e:\clr中腾\电工电路试验台\电工电路试验台\release\电工电路试验台.电压源与电流源的等效变换实验内容.resources
e:\clr中腾\电工电路试验台\电工电路试验台\release\电工电路试验台.电压源与电流源的等效变换实验原理.resources
e:\clr中腾\电工电路试验台\电工电路试验台\release\电工电路试验台.电压源与电流源的等效变换实验器件.resources
e:\clr中腾\电工电路试验台\电工电路试验台\release\电工电路试验台.电压源与电流源的等效变换实验目的.resources
e:\clr中腾\电工电路试验台\电工电路试验台\release\电工电路试验台.电路状态轨迹的观测实验内容.resources
e:\clr中腾\电工电路试验台\电工电路试验台\release\电工电路试验台.电路状态轨迹的观测实验原理.resources
e:\clr中腾\电工电路试验台\电工电路试验台\release\电工电路试验台.电路状态轨迹的观测实验器件.resources
e:\clr中腾\电工电路试验台\电工电路试验台\release\电工电路试验台.电路状态轨迹的观测实验目的.resources
e:\clr中腾\电工电路试验台\电工电路试验台\release\电工电路试验台.负阻抗变换器实验内容.resources
e:\clr中腾\电工电路试验台\电工电路试验台\release\电工电路试验台.负阻抗变换器实验原理.resources
e:\clr中腾\电工电路试验台\电工电路试验台\release\电工电路试验台.负阻抗变换器实验器件.resources
e:\clr中腾\电工电路试验台\电工电路试验台\release\电工电路试验台.负阻抗变换器实验目的.resources
e:\实验版面\电工分册2\电工电路试验台\release\microsoft.speech.dll
e:\实验版面\电工分册2\电工电路试验台\release\microsoft.speech.voicexml.dll
e:\实验版面\电工分册2\电工电路试验台\release\microsoft.speech.voicexml.xml
e:\实验版面\电工分册2\电工电路试验台\电工电路试验台\release\电工电路试验台.vcxproj.generateresource.cache
e:\实验版面\电工分册2\电工电路试验台\电工电路试验台\release\电工电路试验台.vcxproj.resolvecomreference.cache
e:\实验版面\电工分册2\电工电路试验台\电工电路试验台\release\电工电路试验台.vcxprojresolveassemblyreference.cache
e:\实验版面\电工分册2\电工电路试验台\电工电路试验台\release\.netframework,version=v4.5.2.assemblyattributes.obj
e:\实验版面\电工分册2\电工电路试验台\电工电路试验台\release\data_transf.obj
e:\实验版面\电工分册2\电工电路试验台\电工电路试验台\release\exception.obj
e:\实验版面\电工分册2\电工电路试验台\电工电路试验台\release\long_connection_control.obj
e:\实验版面\电工分册2\电工电路试验台\电工电路试验台\release\long_connect_e.obj
e:\实验版面\电工分册2\电工电路试验台\电工电路试验台\release\mdiformcontrol.obj
e:\实验版面\电工分册2\电工电路试验台\电工电路试验台\release\mdi子窗体注册.obj
e:\实验版面\电工分册2\电工电路试验台\电工电路试验台\release\monitortrial.obj
e:\实验版面\电工分册2\电工电路试验台\电工电路试验台\release\oscillograph.obj
e:\实验版面\电工分册2\电工电路试验台\电工电路试验台\release\rc网络的频率特性.obj
e:\实验版面\电工分册2\电工电路试验台\电工电路试验台\release\resource.obj
e:\实验版面\电工分册2\电工电路试验台\电工电路试验台\release\rlc串联谐振电路的研究.obj
e:\实验版面\电工分册2\电工电路试验台\电工电路试验台\release\rlc元件阻抗特性的测定.obj
e:\实验版面\电工分册2\电工电路试验台\电工电路试验台\release\tool.obj
e:\实验版面\电工分册2\电工电路试验台\电工电路试验台\release\vcvs实验.obj
e:\实验版面\电工分册2\电工电路试验台\电工电路试验台\release\waver.obj
e:\实验版面\电工分册2\电工电路试验台\电工电路试验台\release\_mutex.obj
e:\实验版面\电工分册2\电工电路试验台\电工电路试验台\release\一阶电路的响应测试.obj
e:\实验版面\电工分册2\电工电路试验台\电工电路试验台\release\三相交流电路电压电流的测量.obj
e:\实验版面\电工分册2\电工电路试验台\电工电路试验台\release\三相电路功率的测量.obj
e:\实验版面\电工分册2\电工电路试验台\电工电路试验台\release\主窗体.obj
e:\实验版面\电工分册2\电工电路试验台\电工电路试验台\release\二端口网络的研究.obj
e:\实验版面\电工分册2\电工电路试验台\电工电路试验台\release\二阶动态电路响应的研究.obj
e:\实验版面\电工分册2\电工电路试验台\电工电路试验台\release\互感器.obj
e:\实验版面\电工分册2\电工电路试验台\电工电路试验台\release\仪表量程的扩展.obj
e:\实验版面\电工分册2\电工电路试验台\电工电路试验台\release\元件伏安特性的测试.obj
e:\实验版面\电工分册2\电工电路试验台\电工电路试验台\release\功率因数及相序的测量.obj
e:\实验版面\电工分册2\电工电路试验台\电工电路试验台\release\单相电度表实验.obj
e:\实验版面\电工分册2\电工电路试验台\电工电路试验台\release\单相铁心变压器特性的测试.obj
e:\实验版面\电工分册2\电工电路试验台\电工电路试验台\release\叠加原理.obj
e:\实验版面\电工分册2\电工电路试验台\电工电路试验台\release\回转器.obj
e:\实验版面\电工分册2\电工电路试验台\电工电路试验台\release\基尔霍夫定律.obj
e:\实验版面\电工分册2\电工电路试验台\电工电路试验台\release\基本电工仪表的使用与测量误差的计算.obj
e:\实验版面\电工分册2\电工电路试验台\电工电路试验台\release\戴维南定理.obj
e:\实验版面\电工分册2\电工电路试验台\电工电路试验台\release\日光灯功率因数的提高.obj
e:\实验版面\电工分册2\电工电路试验台\电工电路试验台\release\最大功率传输条件的测定.obj
e:\实验版面\电工分册2\电工电路试验台\电工电路试验台\release\电压源与电流源的等效变换.obj
e:\实验版面\电工分册2\电工电路试验台\电工电路试验台\release\电路状态轨迹的观测.obj
e:\实验版面\电工分册2\电工电路试验台\电工电路试验台\release\负阻抗变换器.obj
e:\实验版面\电工分册2\电工电路试验台\电工电路试验台\release\电工电路试验台.loginwnd.resources
e:\实验版面\电工分册2\电工电路试验台\电工电路试验台\release\电工电路试验台.rc网络的频率特性实验内容.resources
e:\实验版面\电工分册2\电工电路试验台\电工电路试验台\release\电工电路试验台.rc网络的频率特性实验原理.resources
e:\实验版面\电工分册2\电工电路试验台\电工电路试验台\release\电工电路试验台.rc网络的频率特性实验器件.resources
e:\实验版面\电工分册2\电工电路试验台\电工电路试验台\release\电工电路试验台.rc网络的频率特性实验目的.resources
e:\实验版面\电工分册2\电工电路试验台\电工电路试验台\release\电工电路试验台.rlc串联谐振电路的研究实验内容.resources
e:\实验版面\电工分册2\电工电路试验台\电工电路试验台\release\电工电路试验台.rlc串联谐振电路的研究实验原理.resources
e:\实验版面\电工分册2\电工电路试验台\电工电路试验台\release\电工电路试验台.rlc串联谐振电路的研究实验器件.resources
e:\实验版面\电工分册2\电工电路试验台\电工电路试验台\release\电工电路试验台.rlc串联谐振电路的研究实验目的.resources
e:\实验版面\电工分册2\电工电路试验台\电工电路试验台\release\电工电路试验台.rlc元件阻抗特性的测定实验内容.resources
e:\实验版面\电工分册2\电工电路试验台\电工电路试验台\release\电工电路试验台.rlc元件阻抗特性的测定实验原理.resources
e:\实验版面\电工分册2\电工电路试验台\电工电路试验台\release\电工电路试验台.rlc元件阻抗特性的测定实验器件.resources
e:\实验版面\电工分册2\电工电路试验台\电工电路试验台\release\电工电路试验台.rlc元件阻抗特性的测定实验目的.resources
e:\实验版面\电工分册2\电工电路试验台\电工电路试验台\release\电工电路试验台.vcvs实验实验内容.resources
e:\实验版面\电工分册2\电工电路试验台\电工电路试验台\release\电工电路试验台.vcvs实验实验原理.resources
e:\实验版面\电工分册2\电工电路试验台\电工电路试验台\release\电工电路试验台.vcvs实验实验器件.resources
e:\实验版面\电工分册2\电工电路试验台\电工电路试验台\release\电工电路试验台.vcvs实验实验目的.resources
e:\实验版面\电工分册2\电工电路试验台\电工电路试验台\release\电工电路试验台.一阶电路的响应测试实验内容.resources
e:\实验版面\电工分册2\电工电路试验台\电工电路试验台\release\电工电路试验台.一阶电路的响应测试实验原理.resources
e:\实验版面\电工分册2\电工电路试验台\电工电路试验台\release\电工电路试验台.一阶电路的响应测试实验器件.resources
e:\实验版面\电工分册2\电工电路试验台\电工电路试验台\release\电工电路试验台.一阶电路的响应测试实验目的.resources
e:\实验版面\电工分册2\电工电路试验台\电工电路试验台\release\电工电路试验台.三相交流电路电压电流的测量实验内容.resources
e:\实验版面\电工分册2\电工电路试验台\电工电路试验台\release\电工电路试验台.三相交流电路电压电流的测量实验原理.resources
e:\实验版面\电工分册2\电工电路试验台\电工电路试验台\release\电工电路试验台.三相交流电路电压电流的测量实验器件.resources
e:\实验版面\电工分册2\电工电路试验台\电工电路试验台\release\电工电路试验台.三相交流电路电压电流的测量实验目的.resources
e:\实验版面\电工分册2\电工电路试验台\电工电路试验台\release\电工电路试验台.三相电路功率的测量实验内容.resources
e:\实验版面\电工分册2\电工电路试验台\电工电路试验台\release\电工电路试验台.三相电路功率的测量实验原理.resources
e:\实验版面\电工分册2\电工电路试验台\电工电路试验台\release\电工电路试验台.三相电路功率的测量实验器件.resources
e:\实验版面\电工分册2\电工电路试验台\电工电路试验台\release\电工电路试验台.三相电路功率的测量实验目的.resources
e:\实验版面\电工分册2\电工电路试验台\电工电路试验台\release\电工电路试验台.主窗体.resources
e:\实验版面\电工分册2\电工电路试验台\电工电路试验台\release\电工电路试验台.二端口网络的研究实验内容.resources
e:\实验版面\电工分册2\电工电路试验台\电工电路试验台\release\电工电路试验台.二端口网络的研究实验原理.resources
e:\实验版面\电工分册2\电工电路试验台\电工电路试验台\release\电工电路试验台.二端口网络的研究实验器件.resources
e:\实验版面\电工分册2\电工电路试验台\电工电路试验台\release\电工电路试验台.二端口网络的研究实验目的.resources
e:\实验版面\电工分册2\电工电路试验台\电工电路试验台\release\电工电路试验台.二阶动态电路响应的研究实验内容.resources
e:\实验版面\电工分册2\电工电路试验台\电工电路试验台\release\电工电路试验台.二阶动态电路响应的研究实验原理.resources
e:\实验版面\电工分册2\电工电路试验台\电工电路试验台\release\电工电路试验台.二阶动态电路响应的研究实验器件.resources
e:\实验版面\电工分册2\电工电路试验台\电工电路试验台\release\电工电路试验台.二阶动态电路响应的研究实验目的.resources
e:\实验版面\电工分册2\电工电路试验台\电工电路试验台\release\电工电路试验台.互感器实验内容.resources
e:\实验版面\电工分册2\电工电路试验台\电工电路试验台\release\电工电路试验台.互感器实验原理.resources
e:\实验版面\电工分册2\电工电路试验台\电工电路试验台\release\电工电路试验台.互感器实验器件.resources
e:\实验版面\电工分册2\电工电路试验台\电工电路试验台\release\电工电路试验台.互感器实验目的.resources
e:\实验版面\电工分册2\电工电路试验台\电工电路试验台\release\电工电路试验台.仪表量程的扩展实验内容.resources
e:\实验版面\电工分册2\电工电路试验台\电工电路试验台\release\电工电路试验台.仪表量程的扩展实验原理.resources
e:\实验版面\电工分册2\电工电路试验台\电工电路试验台\release\电工电路试验台.仪表量程的扩展实验器件.resources
e:\实验版面\电工分册2\电工电路试验台\电工电路试验台\release\电工电路试验台.仪表量程的扩展实验目的.resources
e:\实验版面\电工分册2\电工电路试验台\电工电路试验台\release\电工电路试验台.元件伏安特性的测试实验内容.resources
e:\实验版面\电工分册2\电工电路试验台\电工电路试验台\release\电工电路试验台.元件伏安特性的测试实验原理.resources
e:\实验版面\电工分册2\电工电路试验台\电工电路试验台\release\电工电路试验台.元件伏安特性的测试实验器件.resources
e:\实验版面\电工分册2\电工电路试验台\电工电路试验台\release\电工电路试验台.元件伏安特性的测试实验报告.resources
e:\实验版面\电工分册2\电工电路试验台\电工电路试验台\release\电工电路试验台.元件伏安特性的测试实验目的.resources
e:\实验版面\电工分册2\电工电路试验台\电工电路试验台\release\电工电路试验台.功率因数及相序的测量实验内容.resources
e:\实验版面\电工分册2\电工电路试验台\电工电路试验台\release\电工电路试验台.功率因数及相序的测量实验原理.resources
e:\实验版面\电工分册2\电工电路试验台\电工电路试验台\release\电工电路试验台.功率因数及相序的测量实验器件.resources
e:\实验版面\电工分册2\电工电路试验台\电工电路试验台\release\电工电路试验台.功率因数及相序的测量实验目的.resources
e:\实验版面\电工分册2\电工电路试验台\电工电路试验台\release\电工电路试验台.单相电度表实验实验内容.resources
e:\实验版面\电工分册2\电工电路试验台\电工电路试验台\release\电工电路试验台.单相电度表实验实验原理.resources
e:\实验版面\电工分册2\电工电路试验台\电工电路试验台\release\电工电路试验台.单相电度表实验实验器件.resources
e:\实验版面\电工分册2\电工电路试验台\电工电路试验台\release\电工电路试验台.单相电度表实验实验目的.resources
e:\实验版面\电工分册2\电工电路试验台\电工电路试验台\release\电工电路试验台.单相铁心变压器特性的测试实验内容.resources
e:\实验版面\电工分册2\电工电路试验台\电工电路试验台\release\电工电路试验台.单相铁心变压器特性的测试实验原理.resources
e:\实验版面\电工分册2\电工电路试验台\电工电路试验台\release\电工电路试验台.单相铁心变压器特性的测试实验器件.resources
e:\实验版面\电工分册2\电工电路试验台\电工电路试验台\release\电工电路试验台.单相铁心变压器特性的测试实验目的.resources
e:\实验版面\电工分册2\电工电路试验台\电工电路试验台\release\电工电路试验台.叠加原理实验内容.resources
e:\实验版面\电工分册2\电工电路试验台\电工电路试验台\release\电工电路试验台.叠加原理实验原理.resources
e:\实验版面\电工分册2\电工电路试验台\电工电路试验台\release\电工电路试验台.叠加原理实验器件.resources
e:\实验版面\电工分册2\电工电路试验台\电工电路试验台\release\电工电路试验台.叠加原理实验目的.resources
e:\实验版面\电工分册2\电工电路试验台\电工电路试验台\release\电工电路试验台.回转器实验内容.resources
e:\实验版面\电工分册2\电工电路试验台\电工电路试验台\release\电工电路试验台.回转器实验原理.resources
e:\实验版面\电工分册2\电工电路试验台\电工电路试验台\release\电工电路试验台.回转器实验器件.resources
e:\实验版面\电工分册2\电工电路试验台\电工电路试验台\release\电工电路试验台.回转器实验目的.resources
e:\实验版面\电工分册2\电工电路试验台\电工电路试验台\release\电工电路试验台.基尔霍夫定律实验内容.resources
e:\实验版面\电工分册2\电工电路试验台\电工电路试验台\release\电工电路试验台.基尔霍夫定律实验原理.resources
e:\实验版面\电工分册2\电工电路试验台\电工电路试验台\release\电工电路试验台.基尔霍夫定律实验目的.resources
e:\实验版面\电工分册2\电工电路试验台\电工电路试验台\release\电工电路试验台.基尔霍夫定律实验设备.resources
e:\实验版面\电工分册2\电工电路试验台\电工电路试验台\release\电工电路试验台.基本电工仪表的使用与测量误差的计算实验内容.resources
e:\实验版面\电工分册2\电工电路试验台\电工电路试验台\release\电工电路试验台.基本电工仪表的使用与测量误差的计算实验原理.resources
e:\实验版面\电工分册2\电工电路试验台\电工电路试验台\release\电工电路试验台.基本电工仪表的使用与测量误差的计算实验器件.resources
e:\实验版面\电工分册2\电工电路试验台\电工电路试验台\release\电工电路试验台.基本电工仪表的使用与测量误差的计算实验目的.resources
e:\实验版面\电工分册2\电工电路试验台\电工电路试验台\release\电工电路试验台.戴维南定理实验内容.resources
e:\实验版面\电工分册2\电工电路试验台\电工电路试验台\release\电工电路试验台.戴维南定理实验原理.resources
e:\实验版面\电工分册2\电工电路试验台\电工电路试验台\release\电工电路试验台.戴维南定理实验器件.resources
e:\实验版面\电工分册2\电工电路试验台\电工电路试验台\release\电工电路试验台.戴维南定理实验目的.resources
e:\实验版面\电工分册2\电工电路试验台\电工电路试验台\release\电工电路试验台.日光灯功率因数的提高实验内容.resources
e:\实验版面\电工分册2\电工电路试验台\电工电路试验台\release\电工电路试验台.日光灯功率因数的提高实验原理.resources
e:\实验版面\电工分册2\电工电路试验台\电工电路试验台\release\电工电路试验台.日光灯功率因数的提高实验器件.resources
e:\实验版面\电工分册2\电工电路试验台\电工电路试验台\release\电工电路试验台.日光灯功率因数的提高实验目的.resources
e:\实验版面\电工分册2\电工电路试验台\电工电路试验台\release\电工电路试验台.最大功率传输条件的测定实验内容.resources
e:\实验版面\电工分册2\电工电路试验台\电工电路试验台\release\电工电路试验台.最大功率传输条件的测定实验原理.resources
e:\实验版面\电工分册2\电工电路试验台\电工电路试验台\release\电工电路试验台.最大功率传输条件的测定实验器件.resources
e:\实验版面\电工分册2\电工电路试验台\电工电路试验台\release\电工电路试验台.最大功率传输条件的测定实验目的.resources
e:\实验版面\电工分册2\电工电路试验台\电工电路试验台\release\电工电路试验台.电压源与电流源的等效变换实验内容.resources
e:\实验版面\电工分册2\电工电路试验台\电工电路试验台\release\电工电路试验台.电压源与电流源的等效变换实验原理.resources
e:\实验版面\电工分册2\电工电路试验台\电工电路试验台\release\电工电路试验台.电压源与电流源的等效变换实验器件.resources
e:\实验版面\电工分册2\电工电路试验台\电工电路试验台\release\电工电路试验台.电压源与电流源的等效变换实验目的.resources
e:\实验版面\电工分册2\电工电路试验台\电工电路试验台\release\电工电路试验台.电路状态轨迹的观测实验内容.resources
e:\实验版面\电工分册2\电工电路试验台\电工电路试验台\release\电工电路试验台.电路状态轨迹的观测实验原理.resources
e:\实验版面\电工分册2\电工电路试验台\电工电路试验台\release\电工电路试验台.电路状态轨迹的观测实验器件.resources
e:\实验版面\电工分册2\电工电路试验台\电工电路试验台\release\电工电路试验台.电路状态轨迹的观测实验目的.resources
e:\实验版面\电工分册2\电工电路试验台\电工电路试验台\release\电工电路试验台.负阻抗变换器实验内容.resources
e:\实验版面\电工分册2\电工电路试验台\电工电路试验台\release\电工电路试验台.负阻抗变换器实验原理.resources
e:\实验版面\电工分册2\电工电路试验台\电工电路试验台\release\电工电路试验台.负阻抗变换器实验器件.resources
e:\实验版面\电工分册2\电工电路试验台\电工电路试验台\release\电工电路试验台.负阻抗变换器实验目的.resources
e:\实验版面\电工分册2\电工电路试验台\release\电工电路试验台.pdb
e:\实验版面\电工分册2\电工电路试验台\release\电工电路试验台.exe
e:\实验版面\电工分册2\电工电路试验台\电工电路试验台\release\电工电路试验台.tlog\cl.command.1.tlog
e:\实验版面\电工分册2\电工电路试验台\电工电路试验台\release\电工电路试验台.tlog\cl.read.1.tlog
e:\实验版面\电工分册2\电工电路试验台\电工电路试验台\release\电工电路试验台.tlog\cl.write.1.tlog
e:\实验版面\电工分册2\电工电路试验台\电工电路试验台\release\电工电路试验台.tlog\link.command.1.tlog
e:\实验版面\电工分册2\电工电路试验台\电工电路试验台\release\电工电路试验台.tlog\link.read.1.tlog
e:\实验版面\电工分册2\电工电路试验台\电工电路试验台\release\电工电路试验台.tlog\link.write.1.tlog
e:\实验版面\电工分册2\电工电路试验台\电工电路试验台\release\电工电路试验台.tlog\metagen.read.1.tlog
e:\实验版面\电工分册2\电工电路试验台\电工电路试验台\release\电工电路试验台.tlog\metagen.write.1.tlog
e:\实验版面\电工分册2\电工电路试验台\电工电路试验台\release\电工电路试验台.tlog\电工电路试验台.write.1u.tlog
e:\实验版面\电工分册2\电工电路试验台\电工电路试验台\release\电工电路试验台.tlog\axinterop.shockwaveflashobjects.1.0.dll.metagen
e:\实验版面\电工分册2\电工电路试验台\电工电路试验台\release\电工电路试验台.tlog\interop.shockwaveflashobjects.1.0.dll.metagen
e:\实验版面\电工分册2\电工电路试验台\电工电路试验台\release\电工电路试验台.tlog\microsoft.speech.dll.metagen
e:\实验版面\电工分册2\电工电路试验台\电工电路试验台\release\电工电路试验台.tlog\microsoft.speech.voicexml.dll.metagen
e:\实验版面\电工分册2\电工电路试验台\电工电路试验台\release\电工电路试验台.tlog\rsaenh.dll.bi
e:\实验版面\电工分册2\电工电路试验台\电工电路试验台\release\电工电路试验台.tlog\tzres.dll.bi
